make all --print-data-base --no-builtin-variables --no-builtin-rules --question
make: *** No rule to make target 'all'.  Stop.

# GNU Make 4.3
# Built for x86_64-pc-linux-gnu
# Copyright (C) 1988-2020 Free Software Foundation, Inc.
# License GPLv3+: GNU GPL version 3 or later <http://gnu.org/licenses/gpl.html>
# This is free software: you are free to change and redistribute it.
# There is NO WARRANTY, to the extent permitted by law.

# Make data base, printed on Fri May 20 19:47:39 2022

# Variables

# environment
GDK_BACKEND = x11
# environment
LC_ALL = C
# environment
GNOME_SHELL_SESSION_MODE = ubuntu
# environment
SSH_AGENT_LAUNCHER = gnome-keyring
# environment
SNAP_INSTANCE_KEY = 
# environment
GJS_DEBUG_OUTPUT = stderr
# environment
VSCODE_IPC_HOOK_EXTHOST = /run/user/1000/vscode-ipc-d16d64f1-52aa-446a-9721-8e4999f1d36c.sock
# environment
LC_NAME = pt_BR.UTF-8
# environment
LC_NUMERIC = pt_BR.UTF-8
# environment
VSCODE_CWD = /home/nando
# environment
WINDOWPATH = 2
# environment
LC_ADDRESS = pt_BR.UTF-8
# default
MAKE_COMMAND := make
# environment
QT_ACCESSIBILITY = 1
# automatic
@D = $(patsubst %/,%,$(dir $@))
# environment
SNAP_INSTANCE_NAME = code
# environment
GDK_PIXBUF_MODULEDIR = /snap/code/97/usr/lib/x86_64-linux-gnu/gdk-pixbuf-2.0/2.10.0/loaders
# environment
VSCODE_HANDLES_UNCAUGHT_ERRORS = true
# default
.VARIABLES := 
# environment
PWD = /home/nando/Desktop/Nando/Testes/Sorting
# automatic
%D = $(patsubst %/,%,$(dir $%))
# environment
XDG_DATA_DIRS = /usr/share/ubuntu:/usr/share/gnome:/usr/local/share/:/usr/share/:/var/lib/snapd/desktop
# automatic
^D = $(patsubst %/,%,$(dir $^))
# environment
VSCODE_LOG_STACK = false
# automatic
%F = $(notdir $%)
# environment
VSCODE_CODE_CACHE_PATH = /home/nando/.config/Code/CachedData/c3511e6c69bb39013c4a4b7b9566ec1ca73fc4d5
# environment
LANG = C
# environment
XAUTHORITY = /run/user/1000/gdm/Xauthority
# default
.LOADED := 
# default
.INCLUDE_DIRS = /usr/local/include /usr/include /usr/include
# makefile
MAKEFLAGS = pqrR
# makefile
CURDIR := /home/nando/Desktop/Nando/Testes/Sorting
# environment
VSCODE_PIPE_LOGGING = true
# environment
APPLICATION_INSIGHTS_NO_DIAGNOSTIC_CHANNEL = 1
# environment
LESSOPEN = | /usr/bin/lesspipe %s
# automatic
*D = $(patsubst %/,%,$(dir $*))
# environment
MFLAGS = -pqrR
# environment
SSH_AUTH_SOCK = /run/user/1000/keyring/ssh
# default
.SHELLFLAGS := -c
# environment
XDG_CONFIG_DIRS = /etc/xdg/xdg-ubuntu:/etc/xdg
# automatic
+D = $(patsubst %/,%,$(dir $+))
# environment
XDG_SESSION_DESKTOP = ubuntu
# makefile (from 'makefile', line 1)
MAKEFILE_LIST := makefile
# environment
SNAP_REEXEC = 
# automatic
@F = $(notdir $@)
# environment
VSCODE_VERBOSE_LOGGING = true
# environment
VSCODE_PID = 29697
# environment
XDG_SESSION_TYPE = x11
# automatic
?D = $(patsubst %/,%,$(dir $?))
# environment
BAMF_DESKTOP_FILE_HINT = /var/lib/snapd/desktop/applications/code_code.desktop
# environment
SESSION_MANAGER = local/nando-desktop:@/tmp/.ICE-unix/1922,unix/nando-desktop:/tmp/.ICE-unix/1922
# automatic
*F = $(notdir $*)
# environment
CHROME_DESKTOP = code-url-handler.desktop
# environment
DBUS_SESSION_BUS_ADDRESS = unix:path=/run/user/1000/bus
# automatic
<D = $(patsubst %/,%,$(dir $<))
# environment
VSCODE_NLS_CONFIG = {"locale":"pt-br","availableLanguages":{"*":"pt-br"},"_languagePackId":"74ce6549a467d1dfaba55fb5394742c9.pt-br","_translationsConfigFile":"/home/nando/.config/Code/clp/74ce6549a467d1dfaba55fb5394742c9.pt-br/tcf.json","_cacheRoot":"/home/nando/.config/Code/clp/74ce6549a467d1dfaba55fb5394742c9.pt-br","_resolvedLanguagePackCoreLocation":"/home/nando/.config/Code/clp/74ce6549a467d1dfaba55fb5394742c9.pt-br/c3511e6c69bb39013c4a4b7b9566ec1ca73fc4d5","_corruptedFile":"/home/nando/.config/Code/clp/74ce6549a467d1dfaba55fb5394742c9.pt-br/corrupted.info","_languagePackSupport":true}
# makefile (from 'makefile', line 7)
dest = ./obj/
# default
MAKE_HOST := x86_64-pc-linux-gnu
# environment
GNOME_DESKTOP_SESSION_ID = this-is-deprecated
# makefile
SHELL = /bin/sh
# default
MAKECMDGOALS := all
# environment
XMODIFIERS = @im=ibus
# environment
GJS_DEBUG_TOPICS = JS ERROR;JS LOG
# environment
SHLVL = 0
# environment
MAKELEVEL := 0
# default
MAKE = $(MAKE_COMMAND)
# environment
SNAP_COOKIE = bVIjkDrNdQGScTCXVj3xKkMPYsS8xL6wDc7T7iwhibdhLkDtm7cg
# environment
PATH = /usr/local/sbin:/usr/local/bin:/usr/sbin:/usr/bin:/sbin:/bin:/usr/games:/usr/local/games:/snap/bin:/snap/bin
# default
MAKEFILES := 
# environment
LC_MONETARY = pt_BR.UTF-8
# automatic
^F = $(notdir $^)
# environment
SNAP_USER_COMMON = /home/nando/snap/code/common
# environment
LC_TIME = pt_BR.UTF-8
# makefile (from 'makefile', line 9)
common = $(dest)array_utilities.o
# environment
SNAP = /snap/code/97
# environment
INVOCATION_ID = 38cd8369d983400ca3a42bd945e6de75
# environment
SNAP_REVISION = 97
# environment
SNAP_REAL_HOME = /home/nando
# environment
VSCODE_LOG_NATIVE = false
# environment
USERNAME = nando
# environment
LC_TELEPHONE = pt_BR.UTF-8
# environment
LESSCLOSE = /usr/bin/lesspipe %s %s
# automatic
?F = $(notdir $?)
# environment
XDG_CURRENT_DESKTOP = Unity
# makefile (from 'makefile', line 6)
src = ./src/
# environment
LS_COLORS = 
# automatic
+F = $(notdir $+)
# environment
DESKTOP_SESSION = ubuntu
# environment
ORIGINAL_XDG_CURRENT_DESKTOP = ubuntu:GNOME
# 'override' directive
GNUMAKEFLAGS := 
# environment
LOGNAME = nando
# environment
GIO_LAUNCHED_DESKTOP_FILE = /var/lib/snapd/desktop/applications/code_code.desktop
# environment
SNAP_ARCH = amd64
# makefile
.DEFAULT_GOAL := array
# environment
SYSTEMD_EXEC_PID = 1947
# environment
DISPLAY = :1
# environment
USER = nando
# environment
GTK_MODULES = gail:atk-bridge
# makefile (from 'makefile', line 3)
cpl = gcc
# default
MAKE_VERSION := 4.3
# environment
DISABLE_WAYLAND = 1
# environment
SNAP_DATA = /var/snap/code/97
# environment
SNAP_CONTEXT = bVIjkDrNdQGScTCXVj3xKkMPYsS8xL6wDc7T7iwhibdhLkDtm7cg
# environment
MANAGERPID = 1644
# environment
LC_MEASUREMENT = pt_BR.UTF-8
# environment
GIO_LAUNCHED_DESKTOP_FILE_PID = 29655
# environment
_ = /snap/code/97/usr/share/code/code
# environment
LC_PAPER = pt_BR.UTF-8
# environment
XDG_RUNTIME_DIR = /run/user/1000
# environment
GPG_AGENT_INFO = /run/user/1000/gnupg/S.gpg-agent:0:1
# environment
GDK_PIXBUF_MODULE_FILE = /home/nando/snap/code/common/.cache/gdk-pixbuf-loaders.cache
# environment
LC_CTYPE = pt_BR.UTF-8
# environment
JOURNAL_STREAM = 8:32277
# environment
XDG_SESSION_CLASS = user
# environment
VSCODE_AMD_ENTRYPOINT = vs/workbench/api/node/extensionHostProcess
# environment
HOME = /home/nando
# environment
QT_IM_MODULE = ibus
# environment
ELECTRON_RUN_AS_NODE = 1
# environment
VSCODE_IPC_HOOK = /run/user/1000/vscode-5557ca18-1.67.2-main.sock
# environment
SNAP_NAME = code
# environment
GSETTINGS_SCHEMA_DIR = /snap/code/97/usr/share/glib-2.0/schemas
# default
.RECIPEPREFIX := 
# automatic
<F = $(notdir $<)
# environment
SNAP_VERSION = c3511e6c
# default
SUFFIXES := 
# environment
VSCODE_CLI = 1
# environment
ELECTRON_NO_ATTACH_CONSOLE = 1
# environment
SNAP_COMMON = /var/snap/code/common
# default
.FEATURES := target-specific order-only second-expansion else-if shortest-stem undefine oneshell nocomment grouped-target extra-prereqs archives jobserver output-sync check-symlink load
# environment
SNAP_USER_DATA = /home/nando/snap/code/97
# environment
XDG_MENU_PREFIX = gnome-
# makefile (from 'makefile', line 4)
flags = -Wall -Ofast
# environment
GDMSESSION = ubuntu
# environment
LC_IDENTIFICATION = pt_BR.UTF-8
# environment
SNAP_LIBRARY_PATH = /var/lib/snapd/lib/gl:/var/lib/snapd/lib/gl32:/var/lib/snapd/void
# variable set hash-table stats:
# Load=135/1024=13%, Rehash=0, Collisions=6/165=4%

# Pattern-specific Variable Values

# No pattern-specific variable values.

# Directories

# . (device 2051, inode 11798703): 9 files, no impossibilities.

 
# 9 files, no impossibilities in 1 directories.

# Implicit Rules

# No implicit rules.

# Files

bogo:
#  Implicit rule search has not been done.
#  Modification time never checked.
#  File has not been updated.
#  recipe to execute (from 'makefile', line 15):
	$(cpl) $(src)bogo.c $(common) -o $(dest)bogo.o $(flags)

selection:
#  Implicit rule search has not been done.
#  Modification time never checked.
#  File has not been updated.
#  recipe to execute (from 'makefile', line 37):
	$(cpl) $(src)selection.c $(common) -o $(dest)selection.o $(flags)

counting:
#  Implicit rule search has not been done.
#  Modification time never checked.
#  File has not been updated.
#  recipe to execute (from 'makefile', line 21):
	$(cpl) $(src)counting.c $(common) -o $(dest)counting.o $(flags)

merge_t:
#  Implicit rule search has not been done.
#  Modification time never checked.
#  File has not been updated.
#  recipe to execute (from 'makefile', line 28):
	$(cpl) $(src)merge_t.c $(common) -o $(dest)merge_t.o $(flags) -lpthread

merge:
#  Implicit rule search has not been done.
#  Modification time never checked.
#  File has not been updated.
#  recipe to execute (from 'makefile', line 24):
	$(cpl) $(src)merge.c $(common) -o $(dest)merge.o $(flags)

radix_10:
#  Implicit rule search has not been done.
#  Modification time never checked.
#  File has not been updated.
#  recipe to execute (from 'makefile', line 34):
	$(cpl) $(src)radix_10.c $(common) -o $(dest)radix_10.o $(flags)

# Not a target:
.DEFAULT:
#  Implicit rule search has not been done.
#  Modification time never checked.
#  File has not been updated.

# Not a target:
all:
#  Command line target.
#  Implicit rule search has been done.
#  File does not exist.
#  File has not been updated.

# Not a target:
makefile:
#  Implicit rule search has been done.
#  Last modified 2022-05-20 19:46:50.807343725
#  File has been updated.
#  Successfully updated.

array:
#  Implicit rule search has not been done.
#  Modification time never checked.
#  File has not been updated.
#  recipe to execute (from 'makefile', line 12):
	$(cpl) -c $(src)array_utilities.c -o $(common) $(flags)

radix_2:
#  Implicit rule search has not been done.
#  Modification time never checked.
#  File has not been updated.
#  recipe to execute (from 'makefile', line 31):
	$(cpl) $(src)radix_2.c $(common) -o $(dest)radix_2.o $(flags)

bubble:
#  Implicit rule search has not been done.
#  Modification time never checked.
#  File has not been updated.
#  recipe to execute (from 'makefile', line 18):
	$(cpl) $(src)bubble.c $(common) -o $(dest)bubble.o $(flags)

# files hash-table stats:
# Load=13/1024=1%, Rehash=0, Collisions=0/23=0%
# VPATH Search Paths

# No 'vpath' search paths.

# No general ('VPATH' variable) search path.

# strcache buffers: 1 (0) / strings = 23 / storage = 172 B / avg = 7 B
# current buf: size = 8162 B / used = 172 B / count = 23 / avg = 7 B

# strcache performance: lookups = 36 / hit rate = 36%
# hash-table stats:
# Load=23/8192=0%, Rehash=0, Collisions=0/36=0%
# Finished Make data base on Fri May 20 19:47:39 2022

 
